# JRE version: Java(TM) SE Runtime Environment (8.0_91-b14) (build 1.8.0_91-b14)
# Java VM: Java HotSpot(TM) 64-Bit Server VM (25.91-b14 mixed mode windows-amd64 compressed oops)
Heap:
 PSYoungGen      total 245760K, used 6643K [0x000000076ca00000, 0x0000000780180000, 0x00000007c0000000)
  eden space 223744K, 2% used [0x000000076ca00000,0x000000076d07cc70,0x000000077a480000)
  from space 22016K, 0% used [0x000000077d300000,0x000000077d300000,0x000000077e880000)
  to   space 47616K, 0% used [0x000000077a480000,0x000000077a480000,0x000000077d300000)
 ParOldGen       total 138240K, used 43633K [0x00000006c5e00000, 0x00000006ce500000, 0x000000076ca00000)
  object space 138240K, 31% used [0x00000006c5e00000,0x00000006c889c4c0,0x00000006ce500000)
 Metaspace       used 29726K, capacity 30820K, committed 31104K, reserved 1077248K
  class space    used 3398K, capacity 3665K, committed 3712K, reserved 1048576K
GC Heap History (10 events):
Event: 4.631 GC heap before
{Heap before GC invocations=6 (full 1):
 PSYoungGen      total 139776K, used 10720K [0x000000076ca00000, 0x000000077ec00000, 0x00000007c0000000)
  eden space 129024K, 0% used [0x000000076ca00000,0x000000076ca00000,0x0000000774800000)
  from space 10752K, 99% used [0x0000000774800000,0x0000000775278020,0x0000000775280000)
  to   space 19456K, 0% used [0x000000077d900000,0x000000077d900000,0x000000077ec00000)
 ParOldGen       total 172032K, used 15868K [0x00000006c5e00000, 0x00000006d0600000, 0x000000076ca00000)
  object space 172032K, 9% used [0x00000006c5e00000,0x00000006c6d7f318,0x00000006d0600000)
 Metaspace       used 20539K, capacity 21114K, committed 21296K, reserved 1069056K
  class space    used 2459K, capacity 2620K, committed 2688K, reserved 1048576K
Event: 4.842 GC heap after
Heap after GC invocations=6 (full 1):
 PSYoungGen      total 139776K, used 0K [0x000000076ca00000, 0x000000077ec00000, 0x00000007c0000000)
  eden space 129024K, 0% used [0x000000076ca00000,0x000000076ca00000,0x0000000774800000)
  from space 10752K, 0% used [0x0000000774800000,0x0000000774800000,0x0000000775280000)
  to   space 19456K, 0% used [0x000000077d900000,0x000000077d900000,0x000000077ec00000)
 ParOldGen       total 138240K, used 23647K [0x00000006c5e00000, 0x00000006ce500000, 0x000000076ca00000)
  object space 138240K, 17% used [0x00000006c5e00000,0x00000006c7517d70,0x00000006ce500000)
 Metaspace       used 20539K, capacity 21114K, committed 21296K, reserved 1069056K
  class space    used 2459K, capacity 2620K, committed 2688K, reserved 1048576K
}
Event: 7.735 GC heap before
{Heap before GC invocations=7 (full 1):
 PSYoungGen      total 139776K, used 129024K [0x000000076ca00000, 0x000000077ec00000, 0x00000007c0000000)
  eden space 129024K, 100% used [0x000000076ca00000,0x0000000774800000,0x0000000774800000)
  from space 10752K, 0% used [0x0000000774800000,0x0000000774800000,0x0000000775280000)
  to   space 19456K, 0% used [0x000000077d900000,0x000000077d900000,0x000000077ec00000)
 ParOldGen       total 138240K, used 23647K [0x00000006c5e00000, 0x00000006ce500000, 0x000000076ca00000)
  object space 138240K, 17% used [0x00000006c5e00000,0x00000006c7517d70,0x00000006ce500000)
 Metaspace       used 22702K, capacity 23328K, committed 23552K, reserved 1071104K
  class space    used 2597K, capacity 2786K, committed 2816K, reserved 1048576K
Event: 7.755 GC heap after
Heap after GC invocations=7 (full 1):
 PSYoungGen      total 188928K, used 19424K [0x000000076ca00000, 0x000000077ec00000, 0x00000007c0000000)
  eden space 169472K, 0% used [0x000000076ca00000,0x000000076ca00000,0x0000000776f80000)
  from space 19456K, 99% used [0x000000077d900000,0x000000077ebf8248,0x000000077ec00000)
  to   space 25600K, 0% used [0x000000077ba00000,0x000000077ba00000,0x000000077d300000)
 ParOldGen       total 138240K, used 30518K [0x00000006c5e00000, 0x00000006ce500000, 0x000000076ca00000)
  object space 138240K, 22% used [0x00000006c5e00000,0x00000006c7bcd9d8,0x00000006ce500000)
 Metaspace       used 22702K, capacity 23328K, committed 23552K, reserved 1071104K
  class space    used 2597K, capacity 2786K, committed 2816K, reserved 1048576K
}
Event: 9.745 GC heap before
{Heap before GC invocations=8 (full 1):
 PSYoungGen      total 188928K, used 188896K [0x000000076ca00000, 0x000000077ec00000, 0x00000007c0000000)
  eden space 169472K, 100% used [0x000000076ca00000,0x0000000776f80000,0x0000000776f80000)
  from space 19456K, 99% used [0x000000077d900000,0x000000077ebf8248,0x000000077ec00000)
  to   space 25600K, 0% used [0x000000077ba00000,0x000000077ba00000,0x000000077d300000)
 ParOldGen       total 138240K, used 30518K [0x00000006c5e00000, 0x00000006ce500000, 0x000000076ca00000)
  object space 138240K, 22% used [0x00000006c5e00000,0x00000006c7bcd9d8,0x00000006ce500000)
 Metaspace       used 23809K, capacity 24494K, committed 24704K, reserved 1071104K
  class space    used 2685K, capacity 2899K, committed 2944K, reserved 1048576K
Event: 9.791 GC heap after
Heap after GC invocations=8 (full 1):
 PSYoungGen      total 249344K, used 25597K [0x000000076ca00000, 0x000000077e880000, 0x00000007c0000000)
  eden space 223744K, 0% used [0x000000076ca00000,0x000000076ca00000,0x000000077a480000)
  from space 25600K, 99% used [0x000000077ba00000,0x000000077d2ff4f0,0x000000077d300000)
  to   space 22016K, 0% used [0x000000077d300000,0x000000077d300000,0x000000077e880000)
 ParOldGen       total 138240K, used 41841K [0x00000006c5e00000, 0x00000006ce500000, 0x000000076ca00000)
  object space 138240K, 30% used [0x00000006c5e00000,0x00000006c86dc5d0,0x00000006ce500000)
 Metaspace       used 23809K, capacity 24494K, committed 24704K, reserved 1071104K
  class space    used 2685K, capacity 2899K, committed 2944K, reserved 1048576K
}
Event: 12.330 GC heap before
{Heap before GC invocations=9 (full 1):
 PSYoungGen      total 249344K, used 247318K [0x000000076ca00000, 0x000000077e880000, 0x00000007c0000000)
  eden space 223744K, 99% used [0x000000076ca00000,0x000000077a286488,0x000000077a480000)
  from space 25600K, 99% used [0x000000077ba00000,0x000000077d2ff4f0,0x000000077d300000)
  to   space 22016K, 0% used [0x000000077d300000,0x000000077d300000,0x000000077e880000)
 ParOldGen       total 138240K, used 41841K [0x00000006c5e00000, 0x00000006ce500000, 0x000000076ca00000)
  object space 138240K, 30% used [0x00000006c5e00000,0x00000006c86dc5d0,0x00000006ce500000)
 Metaspace       used 29921K, capacity 31068K, committed 31104K, reserved 1077248K
  class space    used 3414K, capacity 3705K, committed 3712K, reserved 1048576K
Event: 12.413 GC heap after
Heap after GC invocations=9 (full 1):
 PSYoungGen      total 245760K, used 22007K [0x000000076ca00000, 0x0000000780180000, 0x00000007c0000000)
  eden space 223744K, 0% used [0x000000076ca00000,0x000000076ca00000,0x000000077a480000)
  from space 22016K, 99% used [0x000000077d300000,0x000000077e87dc08,0x000000077e880000)
  to   space 47616K, 0% used [0x000000077a480000,0x000000077a480000,0x000000077d300000)
 ParOldGen       total 138240K, used 72496K [0x00000006c5e00000, 0x00000006ce500000, 0x000000076ca00000)
  object space 138240K, 52% used [0x00000006c5e00000,0x00000006ca4cc040,0x00000006ce500000)
 Metaspace       used 29921K, capacity 31068K, committed 31104K, reserved 1077248K
  class space    used 3414K, capacity 3705K, committed 3712K, reserved 1048576K
}
Event: 12.413 GC heap before
{Heap before GC invocations=10 (full 2):
 PSYoungGen      total 245760K, used 22007K [0x000000076ca00000, 0x0000000780180000, 0x00000007c0000000)
  eden space 223744K, 0% used [0x000000076ca00000,0x000000076ca00000,0x000000077a480000)
  from space 22016K, 99% used [0x000000077d300000,0x000000077e87dc08,0x000000077e880000)
  to   space 47616K, 0% used [0x000000077a480000,0x000000077a480000,0x000000077d300000)
 ParOldGen       total 138240K, used 72496K [0x00000006c5e00000, 0x00000006ce500000, 0x000000076ca00000)
  object space 138240K, 52% used [0x00000006c5e00000,0x00000006ca4cc040,0x00000006ce500000)
 Metaspace       used 29921K, capacity 31068K, committed 31104K, reserved 1077248K
  class space    used 3414K, capacity 3705K, committed 3712K, reserved 1048576K
Event: 12.602 GC heap after
Heap after GC invocations=10 (full 2):
 PSYoungGen      total 245760K, used 0K [0x000000076ca00000, 0x0000000780180000, 0x00000007c0000000)
  eden space 223744K, 0% used [0x000000076ca00000,0x000000076ca00000,0x000000077a480000)
  from space 22016K, 0% used [0x000000077d300000,0x000000077d300000,0x000000077e880000)
  to   space 47616K, 0% used [0x000000077a480000,0x000000077a480000,0x000000077d300000)
 ParOldGen       total 138240K, used 43633K [0x00000006c5e00000, 0x00000006ce500000, 0x000000076ca00000)
  object space 138240K, 31% used [0x00000006c5e00000,0x00000006c889c4c0,0x00000006ce500000)
 Metaspace       used 29717K, capacity 30820K, committed 31104K, reserved 1077248K
  class space    used 3396K, capacity 3665K, committed 3712K, reserved 1048576K
}

